<?xml version="1.0" encoding="UTF-8"?>
<testsuite xmlns:xsi="http://www.w3.org/2001/XMLSchema-instance" xsi:noNamespaceSchemaLocation="https://maven.apache.org/surefire/maven-surefire-plugin/xsd/surefire-test-report.xsd" name="ApiRunner" time="33.096" tests="1" errors="0" skipped="0" failures="0">
  <properties>
    <property name="sun.desktop" value="windows"/>
    <property name="awt.toolkit" value="sun.awt.windows.WToolkit"/>
    <property name="java.specification.version" value="11"/>
    <property name="sun.cpu.isalist" value="amd64"/>
    <property name="sun.jnu.encoding" value="Cp1252"/>
    <property name="java.class.path" value="d:\pradeep\VsWorkspace\karatecommon\target\test-classes;d:\pradeep\VsWorkspace\karatecommon\target\classes;C:\Users\Praveen Karki\.m2\repository\com\intuit\karate\karate-junit5\1.0.0\karate-junit5-1.0.0.jar;C:\Users\Praveen Karki\.m2\repository\com\intuit\karate\karate-core\1.0.0\karate-core-1.0.0.jar;C:\Users\Praveen Karki\.m2\repository\org\graalvm\js\js-scriptengine\21.0.0\js-scriptengine-21.0.0.jar;C:\Users\Praveen Karki\.m2\repository\org\graalvm\sdk\graal-sdk\21.0.0\graal-sdk-21.0.0.jar;C:\Users\Praveen Karki\.m2\repository\org\graalvm\js\js\21.0.0\js-21.0.0.jar;C:\Users\Praveen Karki\.m2\repository\org\graalvm\regex\regex\21.0.0\regex-21.0.0.jar;C:\Users\Praveen Karki\.m2\repository\org\graalvm\truffle\truffle-api\21.0.0\truffle-api-21.0.0.jar;C:\Users\Praveen Karki\.m2\repository\com\ibm\icu\icu4j\67.1\icu4j-67.1.jar;C:\Users\Praveen Karki\.m2\repository\ch\qos\logback\logback-classic\1.2.3\logback-classic-1.2.3.jar;C:\Users\Praveen Karki\.m2\repository\ch\qos\logback\logback-core\1.2.3\logback-core-1.2.3.jar;C:\Users\Praveen Karki\.m2\repository\org\slf4j\jcl-over-slf4j\1.7.25\jcl-over-slf4j-1.7.25.jar;C:\Users\Praveen Karki\.m2\repository\com\jayway\jsonpath\json-path\2.5.0\json-path-2.5.0.jar;C:\Users\Praveen Karki\.m2\repository\net\minidev\json-smart\2.3\json-smart-2.3.jar;C:\Users\Praveen Karki\.m2\repository\net\minidev\accessors-smart\1.2\accessors-smart-1.2.jar;C:\Users\Praveen Karki\.m2\repository\org\ow2\asm\asm\5.0.4\asm-5.0.4.jar;C:\Users\Praveen Karki\.m2\repository\info\cukes\cucumber-java\1.2.5\cucumber-java-1.2.5.jar;C:\Users\Praveen Karki\.m2\repository\info\cukes\cucumber-core\1.2.5\cucumber-core-1.2.5.jar;C:\Users\Praveen Karki\.m2\repository\org\yaml\snakeyaml\1.27\snakeyaml-1.27.jar;C:\Users\Praveen Karki\.m2\repository\de\siegmar\fastcsv\1.0.4\fastcsv-1.0.4.jar;C:\Users\Praveen Karki\.m2\repository\info\picocli\picocli\4.5.2\picocli-4.5.2.jar;C:\Users\Praveen Karki\.m2\repository\org\junit\jupiter\junit-jupiter-api\5.7.0\junit-jupiter-api-5.7.0.jar;C:\Users\Praveen Karki\.m2\repository\org\apiguardian\apiguardian-api\1.1.0\apiguardian-api-1.1.0.jar;C:\Users\Praveen Karki\.m2\repository\org\opentest4j\opentest4j\1.2.0\opentest4j-1.2.0.jar;C:\Users\Praveen Karki\.m2\repository\org\junit\platform\junit-platform-commons\1.7.0\junit-platform-commons-1.7.0.jar;C:\Users\Praveen Karki\.m2\repository\org\junit\jupiter\junit-jupiter-engine\5.7.0\junit-jupiter-engine-5.7.0.jar;C:\Users\Praveen Karki\.m2\repository\org\junit\platform\junit-platform-engine\1.7.0\junit-platform-engine-1.7.0.jar;C:\Users\Praveen Karki\.m2\repository\com\github\javafaker\javafaker\1.0.2\javafaker-1.0.2.jar;C:\Users\Praveen Karki\.m2\repository\org\apache\commons\commons-lang3\3.5\commons-lang3-3.5.jar;C:\Users\Praveen Karki\.m2\repository\org\yaml\snakeyaml\1.23\snakeyaml-1.23-android.jar;C:\Users\Praveen Karki\.m2\repository\com\github\mifmif\generex\1.0.2\generex-1.0.2.jar;C:\Users\Praveen Karki\.m2\repository\dk\brics\automaton\automaton\1.11-8\automaton-1.11-8.jar;C:\Users\Praveen Karki\.m2\repository\net\masterthought\cucumber-reporting\5.5.2\cucumber-reporting-5.5.2.jar;C:\Users\Praveen Karki\.m2\repository\com\fasterxml\jackson\core\jackson-databind\2.12.1\jackson-databind-2.12.1.jar;C:\Users\Praveen Karki\.m2\repository\com\fasterxml\jackson\core\jackson-annotations\2.12.1\jackson-annotations-2.12.1.jar;C:\Users\Praveen Karki\.m2\repository\com\fasterxml\jackson\core\jackson-core\2.12.1\jackson-core-2.12.1.jar;C:\Users\Praveen Karki\.m2\repository\com\fasterxml\jackson\datatype\jackson-datatype-jsr310\2.12.1\jackson-datatype-jsr310-2.12.1.jar;C:\Users\Praveen Karki\.m2\repository\org\apache\velocity\velocity-engine-core\2.2\velocity-engine-core-2.2.jar;C:\Users\Praveen Karki\.m2\repository\org\slf4j\slf4j-api\1.7.30\slf4j-api-1.7.30.jar;C:\Users\Praveen Karki\.m2\repository\commons-collections\commons-collections\3.2.2\commons-collections-3.2.2.jar;C:\Users\Praveen Karki\.m2\repository\joda-time\joda-time\2.10.9\joda-time-2.10.9.jar;C:\Users\Praveen Karki\.m2\repository\commons-io\commons-io\2.6\commons-io-2.6.jar;C:\Users\Praveen Karki\.m2\repository\org\codehaus\plexus\plexus-utils\3.3.0\plexus-utils-3.3.0.jar;C:\Users\Praveen Karki\.m2\repository\org\jsoup\jsoup\1.13.1\jsoup-1.13.1.jar;C:\Users\Praveen Karki\.m2\repository\com\googlecode\owasp-java-html-sanitizer\owasp-java-html-sanitizer\20200713.1\owasp-java-html-sanitizer-20200713.1.jar;C:\Users\Praveen Karki\.m2\repository\com\google\guava\guava\27.1-jre\guava-27.1-jre.jar;C:\Users\Praveen Karki\.m2\repository\com\google\guava\failureaccess\1.0.1\failureaccess-1.0.1.jar;C:\Users\Praveen Karki\.m2\repository\com\google\guava\listenablefuture\9999.0-empty-to-avoid-conflict-with-guava\listenablefuture-9999.0-empty-to-avoid-conflict-with-guava.jar;C:\Users\Praveen Karki\.m2\repository\com\google\code\findbugs\jsr305\3.0.2\jsr305-3.0.2.jar;C:\Users\Praveen Karki\.m2\repository\org\checkerframework\checker-qual\2.5.2\checker-qual-2.5.2.jar;C:\Users\Praveen Karki\.m2\repository\com\google\errorprone\error_prone_annotations\2.2.0\error_prone_annotations-2.2.0.jar;C:\Users\Praveen Karki\.m2\repository\com\google\j2objc\j2objc-annotations\1.1\j2objc-annotations-1.1.jar;C:\Users\Praveen Karki\.m2\repository\org\codehaus\mojo\animal-sniffer-annotations\1.17\animal-sniffer-annotations-1.17.jar;C:\Users\Praveen Karki\.m2\repository\commons-configuration\commons-configuration\1.10\commons-configuration-1.10.jar;C:\Users\Praveen Karki\.m2\repository\commons-lang\commons-lang\2.6\commons-lang-2.6.jar;C:\Users\Praveen Karki\.m2\repository\commons-logging\commons-logging\1.1.1\commons-logging-1.1.1.jar;C:\Users\Praveen Karki\.m2\repository\io\virtualan\idaithalam\1.2.0\idaithalam-1.2.0.jar;C:\Users\Praveen Karki\.m2\repository\io\virtualan\cucumblan-api\1.1.5\cucumblan-api-1.1.5.jar;C:\Users\Praveen Karki\.m2\repository\io\cucumber\cucumber-java\6.7.0\cucumber-java-6.7.0.jar;C:\Users\Praveen Karki\.m2\repository\io\cucumber\cucumber-core\6.7.0\cucumber-core-6.7.0.jar;C:\Users\Praveen Karki\.m2\repository\io\cucumber\cucumber-gherkin\6.7.0\cucumber-gherkin-6.7.0.jar;C:\Users\Praveen Karki\.m2\repository\io\cucumber\cucumber-gherkin-messages\6.7.0\cucumber-gherkin-messages-6.7.0.jar;C:\Users\Praveen Karki\.m2\repository\io\cucumber\messages\13.0.1\messages-13.0.1.jar;C:\Users\Praveen Karki\.m2\repository\io\cucumber\tag-expressions\3.0.0\tag-expressions-3.0.0.jar;C:\Users\Praveen Karki\.m2\repository\io\cucumber\cucumber-expressions\10.3.0\cucumber-expressions-10.3.0.jar;C:\Users\Praveen Karki\.m2\repository\io\cucumber\datatable\3.4.0\datatable-3.4.0.jar;C:\Users\Praveen Karki\.m2\repository\io\cucumber\cucumber-plugin\6.7.0\cucumber-plugin-6.7.0.jar;C:\Users\Praveen Karki\.m2\repository\io\cucumber\docstring\6.7.0\docstring-6.7.0.jar;C:\Users\Praveen Karki\.m2\repository\io\cucumber\html-formatter\9.0.0\html-formatter-9.0.0.jar;C:\Users\Praveen Karki\.m2\repository\io\cucumber\create-meta\2.0.2\create-meta-2.0.2.jar;C:\Users\Praveen Karki\.m2\repository\io\cucumber\cucumber-junit\6.7.0\cucumber-junit-6.7.0.jar;C:\Users\Praveen Karki\.m2\repository\junit\junit\4.13\junit-4.13.jar;C:\Users\Praveen Karki\.m2\repository\org\hamcrest\hamcrest-core\1.3\hamcrest-core-1.3.jar;C:\Users\Praveen Karki\.m2\repository\io\swagger\swagger-parser\1.0.51\swagger-parser-1.0.51.jar;C:\Users\Praveen Karki\.m2\repository\io\swagger\swagger-core\1.6.1\swagger-core-1.6.1.jar;C:\Users\Praveen Karki\.m2\repository\io\swagger\swagger-models\1.6.1\swagger-models-1.6.1.jar;C:\Users\Praveen Karki\.m2\repository\io\swagger\swagger-annotations\1.6.1\swagger-annotations-1.6.1.jar;C:\Users\Praveen Karki\.m2\repository\javax\validation\validation-api\1.1.0.Final\validation-api-1.1.0.Final.jar;C:\Users\Praveen Karki\.m2\repository\org\slf4j\slf4j-ext\1.7.28\slf4j-ext-1.7.28.jar;C:\Users\Praveen Karki\.m2\repository\org\json\json\20190722\json-20190722.jar;C:\Users\Praveen Karki\.m2\repository\io\swagger\parser\v3\swagger-parser-v3\2.0.22\swagger-parser-v3-2.0.22.jar;C:\Users\Praveen Karki\.m2\repository\io\swagger\core\v3\swagger-models\2.1.5\swagger-models-2.1.5.jar;C:\Users\Praveen Karki\.m2\repository\io\swagger\core\v3\swagger-core\2.1.5\swagger-core-2.1.5.jar;C:\Users\Praveen Karki\.m2\repository\jakarta\xml\bind\jakarta.xml.bind-api\2.3.2\jakarta.xml.bind-api-2.3.2.jar;C:\Users\Praveen Karki\.m2\repository\jakarta\activation\jakarta.activation-api\1.2.1\jakarta.activation-api-1.2.1.jar;C:\Users\Praveen Karki\.m2\repository\io\swagger\core\v3\swagger-annotations\2.1.5\swagger-annotations-2.1.5.jar;C:\Users\Praveen Karki\.m2\repository\jakarta\validation\jakarta.validation-api\2.0.2\jakarta.validation-api-2.0.2.jar;C:\Users\Praveen Karki\.m2\repository\io\swagger\parser\v3\swagger-parser-core\2.0.22\swagger-parser-core-2.0.22.jar;C:\Users\Praveen Karki\.m2\repository\com\fasterxml\jackson\dataformat\jackson-dataformat-yaml\2.11.1\jackson-dataformat-yaml-2.11.1.jar;C:\Users\Praveen Karki\.m2\repository\io\rest-assured\rest-assured\4.3.1\rest-assured-4.3.1.jar;C:\Users\Praveen Karki\.m2\repository\org\codehaus\groovy\groovy\3.0.3\groovy-3.0.3.jar;C:\Users\Praveen Karki\.m2\repository\org\codehaus\groovy\groovy-xml\3.0.3\groovy-xml-3.0.3.jar;C:\Users\Praveen Karki\.m2\repository\org\apache\httpcomponents\httpclient\4.5.3\httpclient-4.5.3.jar;C:\Users\Praveen Karki\.m2\repository\org\apache\httpcomponents\httpcore\4.4.6\httpcore-4.4.6.jar;C:\Users\Praveen Karki\.m2\repository\org\apache\httpcomponents\httpmime\4.5.3\httpmime-4.5.3.jar;C:\Users\Praveen Karki\.m2\repository\org\hamcrest\hamcrest\2.1\hamcrest-2.1.jar;C:\Users\Praveen Karki\.m2\repository\org\ccil\cowan\tagsoup\tagsoup\1.2.1\tagsoup-1.2.1.jar;C:\Users\Praveen Karki\.m2\repository\io\rest-assured\json-path\4.3.1\json-path-4.3.1.jar;C:\Users\Praveen Karki\.m2\repository\org\codehaus\groovy\groovy-json\3.0.3\groovy-json-3.0.3.jar;C:\Users\Praveen Karki\.m2\repository\io\rest-assured\rest-assured-common\4.3.1\rest-assured-common-4.3.1.jar;C:\Users\Praveen Karki\.m2\repository\io\rest-assured\xml-path\4.3.1\xml-path-4.3.1.jar;C:\Users\Praveen Karki\.m2\repository\com\sun\xml\bind\jaxb-impl\2.3.3\jaxb-impl-2.3.3.jar;C:\Users\Praveen Karki\.m2\repository\org\apache\poi\poi\4.1.2\poi-4.1.2.jar;C:\Users\Praveen Karki\.m2\repository\commons-codec\commons-codec\1.13\commons-codec-1.13.jar;C:\Users\Praveen Karki\.m2\repository\org\apache\commons\commons-collections4\4.4\commons-collections4-4.4.jar;C:\Users\Praveen Karki\.m2\repository\org\apache\commons\commons-math3\3.6.1\commons-math3-3.6.1.jar;C:\Users\Praveen Karki\.m2\repository\com\zaxxer\SparseBitSet\1.2\SparseBitSet-1.2.jar;C:\Users\Praveen Karki\.m2\repository\org\apache\poi\poi-ooxml\4.1.2\poi-ooxml-4.1.2.jar;C:\Users\Praveen Karki\.m2\repository\org\apache\poi\poi-ooxml-schemas\4.1.2\poi-ooxml-schemas-4.1.2.jar;C:\Users\Praveen Karki\.m2\repository\org\apache\xmlbeans\xmlbeans\3.1.0\xmlbeans-3.1.0.jar;C:\Users\Praveen Karki\.m2\repository\org\apache\commons\commons-compress\1.19\commons-compress-1.19.jar;C:\Users\Praveen Karki\.m2\repository\com\github\virtuald\curvesapi\1.06\curvesapi-1.06.jar;C:\Users\Praveen Karki\.m2\repository\io\virtualan\mapson\1.1.3\mapson-1.1.3.jar;C:\Users\Praveen Karki\.m2\repository\org\skyscreamer\jsonassert\1.5.0\jsonassert-1.5.0.jar;C:\Users\Praveen Karki\.m2\repository\com\vaadin\external\google\android-json\0.0.20131108.vaadin1\android-json-0.0.20131108.vaadin1.jar;C:\Users\Praveen Karki\.m2\repository\org\projectlombok\lombok\1.18.16\lombok-1.18.16.jar;C:\Users\Praveen Karki\.m2\repository\xmlunit\xmlunit\1.5\xmlunit-1.5.jar;C:\Users\Praveen Karki\.m2\repository\org\reflections\reflections\0.9.12\reflections-0.9.12.jar;C:\Users\Praveen Karki\.m2\repository\org\javassist\javassist\3.26.0-GA\javassist-3.26.0-GA.jar;C:\Users\Praveen Karki\.m2\repository\com\github\spullara\mustache\java\compiler\0.9.7\compiler-0.9.7.jar;"/>
    <property name="java.vm.vendor" value="AdoptOpenJDK"/>
    <property name="sun.arch.data.model" value="64"/>
    <property name="user.variant" value=""/>
    <property name="java.vendor.url" value="https://adoptopenjdk.net/"/>
    <property name="user.timezone" value="Asia/Calcutta"/>
    <property name="java.vm.specification.version" value="11"/>
    <property name="os.name" value="Windows 10"/>
    <property name="sun.java.launcher" value="SUN_STANDARD"/>
    <property name="user.country" value="IN"/>
    <property name="sun.boot.library.path" value="C:\Program Files\AdoptOpenJDK\jdk-11.0.10.9-hotspot\bin"/>
    <property name="sun.java.command" value="C:\Users\PRAVEE~1\AppData\Local\Temp\surefire16667976864148155478\surefirebooter2309600564812091449.jar C:\Users\Praveen Karki\AppData\Local\Temp\surefire16667976864148155478 2021-03-29T14-44-44_379-jvmRun1 surefire5118830280596978689tmp surefire_02774059917647924118tmp"/>
    <property name="jdk.debug" value="release"/>
    <property name="test" value="ApiRunner"/>
    <property name="surefire.test.class.path" value="d:\pradeep\VsWorkspace\karatecommon\target\test-classes;d:\pradeep\VsWorkspace\karatecommon\target\classes;C:\Users\Praveen Karki\.m2\repository\com\intuit\karate\karate-junit5\1.0.0\karate-junit5-1.0.0.jar;C:\Users\Praveen Karki\.m2\repository\com\intuit\karate\karate-core\1.0.0\karate-core-1.0.0.jar;C:\Users\Praveen Karki\.m2\repository\org\graalvm\js\js-scriptengine\21.0.0\js-scriptengine-21.0.0.jar;C:\Users\Praveen Karki\.m2\repository\org\graalvm\sdk\graal-sdk\21.0.0\graal-sdk-21.0.0.jar;C:\Users\Praveen Karki\.m2\repository\org\graalvm\js\js\21.0.0\js-21.0.0.jar;C:\Users\Praveen Karki\.m2\repository\org\graalvm\regex\regex\21.0.0\regex-21.0.0.jar;C:\Users\Praveen Karki\.m2\repository\org\graalvm\truffle\truffle-api\21.0.0\truffle-api-21.0.0.jar;C:\Users\Praveen Karki\.m2\repository\com\ibm\icu\icu4j\67.1\icu4j-67.1.jar;C:\Users\Praveen Karki\.m2\repository\ch\qos\logback\logback-classic\1.2.3\logback-classic-1.2.3.jar;C:\Users\Praveen Karki\.m2\repository\ch\qos\logback\logback-core\1.2.3\logback-core-1.2.3.jar;C:\Users\Praveen Karki\.m2\repository\org\slf4j\jcl-over-slf4j\1.7.25\jcl-over-slf4j-1.7.25.jar;C:\Users\Praveen Karki\.m2\repository\com\jayway\jsonpath\json-path\2.5.0\json-path-2.5.0.jar;C:\Users\Praveen Karki\.m2\repository\net\minidev\json-smart\2.3\json-smart-2.3.jar;C:\Users\Praveen Karki\.m2\repository\net\minidev\accessors-smart\1.2\accessors-smart-1.2.jar;C:\Users\Praveen Karki\.m2\repository\org\ow2\asm\asm\5.0.4\asm-5.0.4.jar;C:\Users\Praveen Karki\.m2\repository\info\cukes\cucumber-java\1.2.5\cucumber-java-1.2.5.jar;C:\Users\Praveen Karki\.m2\repository\info\cukes\cucumber-core\1.2.5\cucumber-core-1.2.5.jar;C:\Users\Praveen Karki\.m2\repository\org\yaml\snakeyaml\1.27\snakeyaml-1.27.jar;C:\Users\Praveen Karki\.m2\repository\de\siegmar\fastcsv\1.0.4\fastcsv-1.0.4.jar;C:\Users\Praveen Karki\.m2\repository\info\picocli\picocli\4.5.2\picocli-4.5.2.jar;C:\Users\Praveen Karki\.m2\repository\org\junit\jupiter\junit-jupiter-api\5.7.0\junit-jupiter-api-5.7.0.jar;C:\Users\Praveen Karki\.m2\repository\org\apiguardian\apiguardian-api\1.1.0\apiguardian-api-1.1.0.jar;C:\Users\Praveen Karki\.m2\repository\org\opentest4j\opentest4j\1.2.0\opentest4j-1.2.0.jar;C:\Users\Praveen Karki\.m2\repository\org\junit\platform\junit-platform-commons\1.7.0\junit-platform-commons-1.7.0.jar;C:\Users\Praveen Karki\.m2\repository\org\junit\jupiter\junit-jupiter-engine\5.7.0\junit-jupiter-engine-5.7.0.jar;C:\Users\Praveen Karki\.m2\repository\org\junit\platform\junit-platform-engine\1.7.0\junit-platform-engine-1.7.0.jar;C:\Users\Praveen Karki\.m2\repository\com\github\javafaker\javafaker\1.0.2\javafaker-1.0.2.jar;C:\Users\Praveen Karki\.m2\repository\org\apache\commons\commons-lang3\3.5\commons-lang3-3.5.jar;C:\Users\Praveen Karki\.m2\repository\org\yaml\snakeyaml\1.23\snakeyaml-1.23-android.jar;C:\Users\Praveen Karki\.m2\repository\com\github\mifmif\generex\1.0.2\generex-1.0.2.jar;C:\Users\Praveen Karki\.m2\repository\dk\brics\automaton\automaton\1.11-8\automaton-1.11-8.jar;C:\Users\Praveen Karki\.m2\repository\net\masterthought\cucumber-reporting\5.5.2\cucumber-reporting-5.5.2.jar;C:\Users\Praveen Karki\.m2\repository\com\fasterxml\jackson\core\jackson-databind\2.12.1\jackson-databind-2.12.1.jar;C:\Users\Praveen Karki\.m2\repository\com\fasterxml\jackson\core\jackson-annotations\2.12.1\jackson-annotations-2.12.1.jar;C:\Users\Praveen Karki\.m2\repository\com\fasterxml\jackson\core\jackson-core\2.12.1\jackson-core-2.12.1.jar;C:\Users\Praveen Karki\.m2\repository\com\fasterxml\jackson\datatype\jackson-datatype-jsr310\2.12.1\jackson-datatype-jsr310-2.12.1.jar;C:\Users\Praveen Karki\.m2\repository\org\apache\velocity\velocity-engine-core\2.2\velocity-engine-core-2.2.jar;C:\Users\Praveen Karki\.m2\repository\org\slf4j\slf4j-api\1.7.30\slf4j-api-1.7.30.jar;C:\Users\Praveen Karki\.m2\repository\commons-collections\commons-collections\3.2.2\commons-collections-3.2.2.jar;C:\Users\Praveen Karki\.m2\repository\joda-time\joda-time\2.10.9\joda-time-2.10.9.jar;C:\Users\Praveen Karki\.m2\repository\commons-io\commons-io\2.6\commons-io-2.6.jar;C:\Users\Praveen Karki\.m2\repository\org\codehaus\plexus\plexus-utils\3.3.0\plexus-utils-3.3.0.jar;C:\Users\Praveen Karki\.m2\repository\org\jsoup\jsoup\1.13.1\jsoup-1.13.1.jar;C:\Users\Praveen Karki\.m2\repository\com\googlecode\owasp-java-html-sanitizer\owasp-java-html-sanitizer\20200713.1\owasp-java-html-sanitizer-20200713.1.jar;C:\Users\Praveen Karki\.m2\repository\com\google\guava\guava\27.1-jre\guava-27.1-jre.jar;C:\Users\Praveen Karki\.m2\repository\com\google\guava\failureaccess\1.0.1\failureaccess-1.0.1.jar;C:\Users\Praveen Karki\.m2\repository\com\google\guava\listenablefuture\9999.0-empty-to-avoid-conflict-with-guava\listenablefuture-9999.0-empty-to-avoid-conflict-with-guava.jar;C:\Users\Praveen Karki\.m2\repository\com\google\code\findbugs\jsr305\3.0.2\jsr305-3.0.2.jar;C:\Users\Praveen Karki\.m2\repository\org\checkerframework\checker-qual\2.5.2\checker-qual-2.5.2.jar;C:\Users\Praveen Karki\.m2\repository\com\google\errorprone\error_prone_annotations\2.2.0\error_prone_annotations-2.2.0.jar;C:\Users\Praveen Karki\.m2\repository\com\google\j2objc\j2objc-annotations\1.1\j2objc-annotations-1.1.jar;C:\Users\Praveen Karki\.m2\repository\org\codehaus\mojo\animal-sniffer-annotations\1.17\animal-sniffer-annotations-1.17.jar;C:\Users\Praveen Karki\.m2\repository\commons-configuration\commons-configuration\1.10\commons-configuration-1.10.jar;C:\Users\Praveen Karki\.m2\repository\commons-lang\commons-lang\2.6\commons-lang-2.6.jar;C:\Users\Praveen Karki\.m2\repository\commons-logging\commons-logging\1.1.1\commons-logging-1.1.1.jar;C:\Users\Praveen Karki\.m2\repository\io\virtualan\idaithalam\1.2.0\idaithalam-1.2.0.jar;C:\Users\Praveen Karki\.m2\repository\io\virtualan\cucumblan-api\1.1.5\cucumblan-api-1.1.5.jar;C:\Users\Praveen Karki\.m2\repository\io\cucumber\cucumber-java\6.7.0\cucumber-java-6.7.0.jar;C:\Users\Praveen Karki\.m2\repository\io\cucumber\cucumber-core\6.7.0\cucumber-core-6.7.0.jar;C:\Users\Praveen Karki\.m2\repository\io\cucumber\cucumber-gherkin\6.7.0\cucumber-gherkin-6.7.0.jar;C:\Users\Praveen Karki\.m2\repository\io\cucumber\cucumber-gherkin-messages\6.7.0\cucumber-gherkin-messages-6.7.0.jar;C:\Users\Praveen Karki\.m2\repository\io\cucumber\messages\13.0.1\messages-13.0.1.jar;C:\Users\Praveen Karki\.m2\repository\io\cucumber\tag-expressions\3.0.0\tag-expressions-3.0.0.jar;C:\Users\Praveen Karki\.m2\repository\io\cucumber\cucumber-expressions\10.3.0\cucumber-expressions-10.3.0.jar;C:\Users\Praveen Karki\.m2\repository\io\cucumber\datatable\3.4.0\datatable-3.4.0.jar;C:\Users\Praveen Karki\.m2\repository\io\cucumber\cucumber-plugin\6.7.0\cucumber-plugin-6.7.0.jar;C:\Users\Praveen Karki\.m2\repository\io\cucumber\docstring\6.7.0\docstring-6.7.0.jar;C:\Users\Praveen Karki\.m2\repository\io\cucumber\html-formatter\9.0.0\html-formatter-9.0.0.jar;C:\Users\Praveen Karki\.m2\repository\io\cucumber\create-meta\2.0.2\create-meta-2.0.2.jar;C:\Users\Praveen Karki\.m2\repository\io\cucumber\cucumber-junit\6.7.0\cucumber-junit-6.7.0.jar;C:\Users\Praveen Karki\.m2\repository\junit\junit\4.13\junit-4.13.jar;C:\Users\Praveen Karki\.m2\repository\org\hamcrest\hamcrest-core\1.3\hamcrest-core-1.3.jar;C:\Users\Praveen Karki\.m2\repository\io\swagger\swagger-parser\1.0.51\swagger-parser-1.0.51.jar;C:\Users\Praveen Karki\.m2\repository\io\swagger\swagger-core\1.6.1\swagger-core-1.6.1.jar;C:\Users\Praveen Karki\.m2\repository\io\swagger\swagger-models\1.6.1\swagger-models-1.6.1.jar;C:\Users\Praveen Karki\.m2\repository\io\swagger\swagger-annotations\1.6.1\swagger-annotations-1.6.1.jar;C:\Users\Praveen Karki\.m2\repository\javax\validation\validation-api\1.1.0.Final\validation-api-1.1.0.Final.jar;C:\Users\Praveen Karki\.m2\repository\org\slf4j\slf4j-ext\1.7.28\slf4j-ext-1.7.28.jar;C:\Users\Praveen Karki\.m2\repository\org\json\json\20190722\json-20190722.jar;C:\Users\Praveen Karki\.m2\repository\io\swagger\parser\v3\swagger-parser-v3\2.0.22\swagger-parser-v3-2.0.22.jar;C:\Users\Praveen Karki\.m2\repository\io\swagger\core\v3\swagger-models\2.1.5\swagger-models-2.1.5.jar;C:\Users\Praveen Karki\.m2\repository\io\swagger\core\v3\swagger-core\2.1.5\swagger-core-2.1.5.jar;C:\Users\Praveen Karki\.m2\repository\jakarta\xml\bind\jakarta.xml.bind-api\2.3.2\jakarta.xml.bind-api-2.3.2.jar;C:\Users\Praveen Karki\.m2\repository\jakarta\activation\jakarta.activation-api\1.2.1\jakarta.activation-api-1.2.1.jar;C:\Users\Praveen Karki\.m2\repository\io\swagger\core\v3\swagger-annotations\2.1.5\swagger-annotations-2.1.5.jar;C:\Users\Praveen Karki\.m2\repository\jakarta\validation\jakarta.validation-api\2.0.2\jakarta.validation-api-2.0.2.jar;C:\Users\Praveen Karki\.m2\repository\io\swagger\parser\v3\swagger-parser-core\2.0.22\swagger-parser-core-2.0.22.jar;C:\Users\Praveen Karki\.m2\repository\com\fasterxml\jackson\dataformat\jackson-dataformat-yaml\2.11.1\jackson-dataformat-yaml-2.11.1.jar;C:\Users\Praveen Karki\.m2\repository\io\rest-assured\rest-assured\4.3.1\rest-assured-4.3.1.jar;C:\Users\Praveen Karki\.m2\repository\org\codehaus\groovy\groovy\3.0.3\groovy-3.0.3.jar;C:\Users\Praveen Karki\.m2\repository\org\codehaus\groovy\groovy-xml\3.0.3\groovy-xml-3.0.3.jar;C:\Users\Praveen Karki\.m2\repository\org\apache\httpcomponents\httpclient\4.5.3\httpclient-4.5.3.jar;C:\Users\Praveen Karki\.m2\repository\org\apache\httpcomponents\httpcore\4.4.6\httpcore-4.4.6.jar;C:\Users\Praveen Karki\.m2\repository\org\apache\httpcomponents\httpmime\4.5.3\httpmime-4.5.3.jar;C:\Users\Praveen Karki\.m2\repository\org\hamcrest\hamcrest\2.1\hamcrest-2.1.jar;C:\Users\Praveen Karki\.m2\repository\org\ccil\cowan\tagsoup\tagsoup\1.2.1\tagsoup-1.2.1.jar;C:\Users\Praveen Karki\.m2\repository\io\rest-assured\json-path\4.3.1\json-path-4.3.1.jar;C:\Users\Praveen Karki\.m2\repository\org\codehaus\groovy\groovy-json\3.0.3\groovy-json-3.0.3.jar;C:\Users\Praveen Karki\.m2\repository\io\rest-assured\rest-assured-common\4.3.1\rest-assured-common-4.3.1.jar;C:\Users\Praveen Karki\.m2\repository\io\rest-assured\xml-path\4.3.1\xml-path-4.3.1.jar;C:\Users\Praveen Karki\.m2\repository\com\sun\xml\bind\jaxb-impl\2.3.3\jaxb-impl-2.3.3.jar;C:\Users\Praveen Karki\.m2\repository\org\apache\poi\poi\4.1.2\poi-4.1.2.jar;C:\Users\Praveen Karki\.m2\repository\commons-codec\commons-codec\1.13\commons-codec-1.13.jar;C:\Users\Praveen Karki\.m2\repository\org\apache\commons\commons-collections4\4.4\commons-collections4-4.4.jar;C:\Users\Praveen Karki\.m2\repository\org\apache\commons\commons-math3\3.6.1\commons-math3-3.6.1.jar;C:\Users\Praveen Karki\.m2\repository\com\zaxxer\SparseBitSet\1.2\SparseBitSet-1.2.jar;C:\Users\Praveen Karki\.m2\repository\org\apache\poi\poi-ooxml\4.1.2\poi-ooxml-4.1.2.jar;C:\Users\Praveen Karki\.m2\repository\org\apache\poi\poi-ooxml-schemas\4.1.2\poi-ooxml-schemas-4.1.2.jar;C:\Users\Praveen Karki\.m2\repository\org\apache\xmlbeans\xmlbeans\3.1.0\xmlbeans-3.1.0.jar;C:\Users\Praveen Karki\.m2\repository\org\apache\commons\commons-compress\1.19\commons-compress-1.19.jar;C:\Users\Praveen Karki\.m2\repository\com\github\virtuald\curvesapi\1.06\curvesapi-1.06.jar;C:\Users\Praveen Karki\.m2\repository\io\virtualan\mapson\1.1.3\mapson-1.1.3.jar;C:\Users\Praveen Karki\.m2\repository\org\skyscreamer\jsonassert\1.5.0\jsonassert-1.5.0.jar;C:\Users\Praveen Karki\.m2\repository\com\vaadin\external\google\android-json\0.0.20131108.vaadin1\android-json-0.0.20131108.vaadin1.jar;C:\Users\Praveen Karki\.m2\repository\org\projectlombok\lombok\1.18.16\lombok-1.18.16.jar;C:\Users\Praveen Karki\.m2\repository\xmlunit\xmlunit\1.5\xmlunit-1.5.jar;C:\Users\Praveen Karki\.m2\repository\org\reflections\reflections\0.9.12\reflections-0.9.12.jar;C:\Users\Praveen Karki\.m2\repository\org\javassist\javassist\3.26.0-GA\javassist-3.26.0-GA.jar;C:\Users\Praveen Karki\.m2\repository\com\github\spullara\mustache\java\compiler\0.9.7\compiler-0.9.7.jar;"/>
    <property name="sun.cpu.endian" value="little"/>
    <property name="user.home" value="C:\Users\Praveen Karki"/>
    <property name="user.language" value="en"/>
    <property name="java.specification.vendor" value="Oracle Corporation"/>
    <property name="java.version.date" value="2021-01-19"/>
    <property name="java.home" value="C:\Program Files\AdoptOpenJDK\jdk-11.0.10.9-hotspot"/>
    <property name="file.separator" value="\"/>
    <property name="basedir" value="d:\pradeep\VsWorkspace\karatecommon"/>
    <property name="java.vm.compressedOopsMode" value="32-bit"/>
    <property name="line.separator" value="&#10;"/>
    <property name="java.specification.name" value="Java Platform API Specification"/>
    <property name="java.vm.specification.vendor" value="Oracle Corporation"/>
    <property name="java.awt.graphicsenv" value="sun.awt.Win32GraphicsEnvironment"/>
    <property name="karate.options" value="d:\pradeep\VsWorkspace\karatecommon\src\test\resources\features\apitests\GetTest.feature"/>
    <property name="surefire.real.class.path" value="C:\Users\PRAVEE~1\AppData\Local\Temp\surefire16667976864148155478\surefirebooter2309600564812091449.jar"/>
    <property name="user.script" value=""/>
    <property name="sun.management.compiler" value="HotSpot 64-Bit Tiered Compilers"/>
    <property name="java.runtime.version" value="11.0.10+9"/>
    <property name="user.name" value="Praveen Karki"/>
    <property name="path.separator" value=";"/>
    <property name="os.version" value="10.0"/>
    <property name="java.runtime.name" value="OpenJDK Runtime Environment"/>
    <property name="file.encoding" value="UTF-8"/>
    <property name="java.vm.name" value="OpenJDK 64-Bit Server VM"/>
    <property name="java.vendor.version" value="AdoptOpenJDK"/>
    <property name="localRepository" value="C:\Users\Praveen Karki\.m2\repository"/>
    <property name="java.vendor.url.bug" value="https://github.com/AdoptOpenJDK/openjdk-support/issues"/>
    <property name="java.io.tmpdir" value="C:\Users\PRAVEE~1\AppData\Local\Temp\"/>
    <property name="java.version" value="11.0.10"/>
    <property name="user.dir" value="d:\pradeep\VsWorkspace\karatecommon"/>
    <property name="os.arch" value="amd64"/>
    <property name="java.vm.specification.name" value="Java Virtual Machine Specification"/>
    <property name="java.awt.printerjob" value="sun.awt.windows.WPrinterJob"/>
    <property name="sun.os.patch.level" value=""/>
    <property name="java.library.path" value="C:\Program Files\AdoptOpenJDK\jdk-11.0.10.9-hotspot\bin;C:\WINDOWS\Sun\Java\bin;C:\WINDOWS\system32;C:\WINDOWS;C:\Program Files\AdoptOpenJDK\jdk-11.0.10.9-hotspot\bin;C:\Program Files (x86)\Common Files\Oracle\Java\javapath;C:\WINDOWS\system32;C:\WINDOWS;C:\WINDOWS\System32\Wbem;C:\WINDOWS\System32\WindowsPowerShell\v1.0\;C:\WINDOWS\System32\OpenSSH\;D:\pradeep\software\apache-maven-3.6.3\bin;C:\Program Files\Git\cmd;C:\Program Files\Docker\Docker\resources\bin;C:\ProgramData\DockerDesktop\version-bin;C:\Users\Praveen Karki\AppData\Local\Microsoft\WindowsApps;;C:\Program Files\JetBrains\IntelliJ IDEA Community Edition 2020.3.2\bin;;."/>
    <property name="java.vm.info" value="mixed mode"/>
    <property name="java.vendor" value="AdoptOpenJDK"/>
    <property name="java.vm.version" value="11.0.10+9"/>
    <property name="sun.io.unicode.encoding" value="UnicodeLittle"/>
    <property name="java.class.version" value="55.0"/>
  </properties>
  <testcase name="testParallel" classname="ApiRunner" time="33.078"/>
</testsuite>